#
# There is insufficient memory for the Java Runtime Environment to continue.
# Native memory allocation (malloc) failed to allocate 1148336 bytes for Chunk::new
# Possible reasons:
#   The system is out of physical RAM or swap space
#   The process is running with CompressedOops enabled, and the Java Heap may be blocking the growth of the native heap
# Possible solutions:
#   Reduce memory load on the system
#   Increase physical memory or swap space
#   Check if swap backing store is full
#   Decrease Java heap size (-Xmx/-Xms)
#   Decrease number of Java threads
#   Decrease Java thread stack sizes (-Xss)
#   Set larger code cache with -XX:ReservedCodeCacheSize=
#   JVM is running with Unscaled Compressed Oops mode in which the Java heap is
#     placed in the first 4GB address space. The Java Heap base address is the
#     maximum limit for the native heap growth. Please use -XX:HeapBaseMinAddress
#     to set the Java Heap base and to place the Java Heap above 4GB virtual address.
# This output file may be truncated or incomplete.
#
#  Out of Memory Error (allocation.cpp:389), pid=13292, tid=0x0000000000003a30
#
# JRE version: OpenJDK Runtime Environment (8.0_242-b01) (build 1.8.0_242-release-1644-b01)
# Java VM: OpenJDK 64-Bit Server VM (25.242-b01 mixed mode windows-amd64 compressed oops)
# Failed to write core dump. Minidumps are not enabled by default on client versions of Windows
#

---------------  T H R E A D  ---------------

Current thread (0x0000000017138800):  JavaThread "C2 CompilerThread0" daemon [_thread_in_native, id=14896, stack(0x0000000018780000,0x0000000018880000)]

Stack: [0x0000000018780000,0x0000000018880000]
[error occurred during error reporting (printing stack bounds), id 0xc0000005]

Native frames: (J=compiled Java code, j=interpreted, Vv=VM code, C=native code)


Current CompileTask:
C2:2745493 26392       4       com.android.tools.r8.ir.conversion.N::a (866 bytes)


---------------  P R O C E S S  ---------------

Java Threads: ( => current thread )
  0x000000001f874000 JavaThread "Cache worker for Java compile cache (D:\Kuliah\Season 4\ASSIGNMENT_1_PAM\.gradle\6.5\javaCompile)" [_thread_blocked, id=9628, stack(0x0000000022da0000,0x0000000022ea0000)]
  0x000000001f878000 JavaThread "Cache worker for Java compile cache (C:\Users\62823\.gradle\caches\6.5\javaCompile)" [_thread_blocked, id=4044, stack(0x000000001c7a0000,0x000000001c8a0000)]
  0x000000001b1a7000 JavaThread "MarlinRenderer Disposer" daemon [_thread_blocked, id=15500, stack(0x000000002f140000,0x000000002f240000)]
  0x000000001b19d800 JavaThread "Java2D Disposer" daemon [_thread_blocked, id=8900, stack(0x000000002ef70000,0x000000002f070000)]
  0x000000001b1a4000 JavaThread "WorkerExecutor Queue Thread 4" [_thread_blocked, id=5452, stack(0x000000002ea70000,0x000000002eb70000)]
  0x000000001b1a3800 JavaThread "WorkerExecutor Queue Thread 3" [_thread_blocked, id=6112, stack(0x000000002e970000,0x000000002ea70000)]
  0x000000001b1a2800 JavaThread "WorkerExecutor Queue Thread 2" [_thread_blocked, id=4304, stack(0x000000002e870000,0x000000002e970000)]
  0x000000001b1a1000 JavaThread "WorkerExecutor Queue" [_thread_blocked, id=9744, stack(0x000000002dd70000,0x000000002de70000)]
  0x000000001b19c800 JavaThread "Cache worker for execution history cache (D:\Kuliah\Season 4\ASSIGNMENT_1_PAM\.gradle\6.5\executionHistory)" [_thread_blocked, id=11224, stack(0x000000002e570000,0x000000002e670000)]
  0x000000001b19a800 JavaThread "Execution worker for ':' Thread 3" [_thread_blocked, id=12184, stack(0x000000002e470000,0x000000002e570000)]
  0x000000001b1a0800 JavaThread "Execution worker for ':' Thread 2" [_thread_blocked, id=16024, stack(0x000000002e370000,0x000000002e470000)]
  0x000000001b19f000 JavaThread "Execution worker for ':'" [_thread_blocked, id=15116, stack(0x000000002e000000,0x000000002e100000)]
  0x000000001b19e000 JavaThread "Cache worker for file content cache (D:\Kuliah\Season 4\ASSIGNMENT_1_PAM\.gradle\6.5\fileContent)" [_thread_blocked, id=1004, stack(0x000000002dc70000,0x000000002dd70000)]
  0x000000001b19f800 JavaThread "pool-5-thread-1" [_thread_blocked, id=7228, stack(0x000000002db70000,0x000000002dc70000)]
  0x000000001f881000 JavaThread "Cache worker for Build Output Cleanup Cache (D:\Kuliah\Season 4\ASSIGNMENT_1_PAM\.gradle\buildOutputCleanup)" [_thread_blocked, id=14388, stack(0x000000002da70000,0x000000002db70000)]
  0x000000001e8a9000 JavaThread "Build operations Thread 4" [_thread_blocked, id=9056, stack(0x00000000224a0000,0x00000000225a0000)]
  0x000000001e8a0800 JavaThread "Build operations Thread 3" [_thread_in_Java, id=15600, stack(0x00000000223a0000,0x00000000224a0000)]
  0x000000001e8a7800 JavaThread "Build operations Thread 2" [_thread_in_Java, id=4540, stack(0x00000000222a0000,0x00000000223a0000)]
  0x000000001e8a0000 JavaThread "Build operations" [_thread_in_Java, id=260, stack(0x0000000021aa0000,0x0000000021ba0000)]
  0x000000001e8a7000 JavaThread "Cache worker for cache directory md-rule (C:\Users\62823\.gradle\caches\6.5\md-rule)" [_thread_blocked, id=15512, stack(0x000000001f640000,0x000000001f740000)]
  0x000000001e8a6000 JavaThread "Cache worker for cache directory md-supplier (C:\Users\62823\.gradle\caches\6.5\md-supplier)" [_thread_blocked, id=11012, stack(0x000000001f340000,0x000000001f440000)]
  0x000000001e8a5800 JavaThread "Cache worker for checksums cache (D:\Kuliah\Season 4\ASSIGNMENT_1_PAM\.gradle\checksums)" [_thread_blocked, id=2796, stack(0x000000001cba0000,0x000000001cca0000)]
  0x000000001e8a4800 JavaThread "Cache worker for file hash cache (D:\Kuliah\Season 4\ASSIGNMENT_1_PAM\.gradle\6.5\fileHashes)" [_thread_blocked, id=14368, stack(0x000000001c9a0000,0x000000001caa0000)]
  0x000000001e89d000 JavaThread "Thread-235" [_thread_blocked, id=7132, stack(0x000000001c8a0000,0x000000001c9a0000)]
  0x000000001e89e800 JavaThread "Asynchronous log dispatcher for DefaultDaemonConnection: socket connection from /127.0.0.1:49602 to /127.0.0.1:49994" [_thread_blocked, id=16248, stack(0x000000001c4a0000,0x000000001c5a0000)]
  0x000000001e8a2800 JavaThread "Daemon worker Thread 2" [_thread_blocked, id=2952, stack(0x000000001c3a0000,0x000000001c4a0000)]
  0x000000001e89d800 JavaThread "Cancel handler" [_thread_blocked, id=3284, stack(0x000000001bf60000,0x000000001c060000)]
  0x000000001e8a1800 JavaThread "Handler for socket connection from /127.0.0.1:49602 to /127.0.0.1:49994" [_thread_in_native, id=14452, stack(0x000000001be60000,0x000000001bf60000)]
  0x000000001e8a3000 JavaThread "Daemon Thread 2" [_thread_blocked, id=960, stack(0x0000000000900000,0x0000000000a00000)]
  0x000000002017f000 JavaThread "Memory manager" [_thread_blocked, id=11416, stack(0x000000002be70000,0x000000002bf70000)]
  0x000000001fb52800 JavaThread "Cache worker for file content cache (C:\Users\62823\.gradle\caches\6.5\fileContent)" [_thread_blocked, id=7028, stack(0x0000000022ca0000,0x0000000022da0000)]
  0x000000001fb4f800 JavaThread "Cache worker for execution history cache (C:\Users\62823\.gradle\caches\6.5\executionHistory)" [_thread_blocked, id=12868, stack(0x00000000227a0000,0x00000000228a0000)]
  0x0000000017146000 JavaThread "Cache worker for file hash cache (C:\Users\62823\.gradle\caches\6.5\fileHashes)" [_thread_blocked, id=12116, stack(0x000000001d0a0000,0x000000001d1a0000)]
  0x000000001714d000 JavaThread "File lock request listener" [_thread_in_native, id=13784, stack(0x000000001cfa0000,0x000000001d0a0000)]
  0x000000001ac6a000 JavaThread "Cache worker for journal cache (C:\Users\62823\.gradle\caches\journal-1)" [_thread_blocked, id=5460, stack(0x000000001cea0000,0x000000001cfa0000)]
  0x000000001aab1800 JavaThread "Daemon periodic checks" [_thread_blocked, id=9308, stack(0x000000001c2a0000,0x000000001c3a0000)]
  0x000000001aaaf000 JavaThread "Incoming local TCP Connector on port 49602" [_thread_in_native, id=1860, stack(0x000000001c060000,0x000000001c160000)]
  0x000000001a84d000 JavaThread "Daemon health stats" [_thread_blocked, id=13752, stack(0x000000001ba20000,0x000000001bb20000)]
  0x0000000018ab8800 JavaThread "Service Thread" daemon [_thread_blocked, id=13216, stack(0x0000000018e80000,0x0000000018f80000)]
  0x0000000017147000 JavaThread "C1 CompilerThread2" daemon [_thread_blocked, id=15496, stack(0x0000000018980000,0x0000000018a80000)]
  0x0000000017141000 JavaThread "C2 CompilerThread1" daemon [_thread_in_native, id=7236, stack(0x0000000018880000,0x0000000018980000)]
=>0x0000000017138800 JavaThread "C2 CompilerThread0" daemon [_thread_in_native, id=14896, stack(0x0000000018780000,0x0000000018880000)]
  0x0000000017135800 JavaThread "Attach Listener" daemon [_thread_blocked, id=15588, stack(0x0000000018680000,0x0000000018780000)]
  0x0000000017132000 JavaThread "Signal Dispatcher" daemon [_thread_blocked, id=12564, stack(0x0000000018580000,0x0000000018680000)]
  0x000000000250c000 JavaThread "Finalizer" daemon [_thread_blocked, id=13724, stack(0x0000000018380000,0x0000000018480000)]
  0x0000000017119000 JavaThread "Reference Handler" daemon [_thread_blocked, id=6900, stack(0x0000000018280000,0x0000000018380000)]
  0x00000000023de800 JavaThread "main" [_thread_blocked, id=7952, stack(0x00000000022b0000,0x00000000023b0000)]

Other Threads:
  0x00000000170f6800 VMThread [stack: 0x0000000018180000,0x0000000018280000] [id=5660]
  0x000000001718d800 WatcherThread [stack: 0x0000000018f80000,0x0000000019080000] [id=7448]

VM state:not at safepoint (normal execution)

VM Mutex/Monitor currently owned by a thread: None

heap address: 0x0000000080000000, size: 2048 MB, Compressed Oops mode: 32-bit
Narrow klass base: 0x0000000000000000, Narrow klass shift: 3
Compressed class space size: 1073741824 Address: 0x0000000100000000

Heap:
 PSYoungGen      total 515584K, used 181006K [0x00000000d5580000, 0x0000000100000000, 0x0000000100000000)
  eden space 483840K, 37% used [0x00000000d5580000,0x00000000e06438f0,0x00000000f2e00000)
  from space 31744K, 0% used [0x00000000f2e00000,0x00000000f2e00000,0x00000000f4d00000)
  to   space 47616K, 0% used [0x00000000fd180000,0x00000000fd180000,0x0000000100000000)
 ParOldGen       total 208896K, used 95065K [0x0000000080000000, 0x000000008cc00000, 0x00000000d5580000)
  object space 208896K, 45% used [0x0000000080000000,0x0000000085cd6628,0x000000008cc00000)
 Metaspace       used 115965K, capacity 121052K, committed 121560K, reserved 1155072K
  class space    used 14694K, capacity 15645K, committed 15872K, reserved 1048576K

Card table byte_map: [0x00000000118d0000,0x0000000011ce0000] byte_map_base: 0x00000000114d0000

Marking Bits: (ParMarkBitMap*) 0x00000000689bf030
 Begin Bits: [0x0000000012390000, 0x0000000014390000)
 End Bits:   [0x0000000014390000, 0x0000000016390000)

Polling page: 0x00000000005f0000

CodeCache: size=245760Kb used=76107Kb max_used=77960Kb free=169652Kb
 bounds [0x0000000002510000, 0x0000000007210000, 0x0000000011510000]
 total_blobs=20897 nmethods=19838 adapters=965
 compilation: enabled

Compilation events (10 events):
Event: 2745.097 Thread 0x0000000017147000 26408       3       com.android.tools.r8.s.b.N0::a (32 bytes)
Event: 2745.098 Thread 0x0000000017147000 nmethod 26408 0x0000000005ee0950 code [0x0000000005ee0b40, 0x0000000005ee1428]
Event: 2745.098 Thread 0x0000000017147000 26409       3       com.android.tools.r8.code.v0::<init> (7 bytes)
Event: 2745.098 Thread 0x0000000017147000 nmethod 26409 0x00000000061d5290 code [0x00000000061d5400, 0x00000000061d5588]
Event: 2745.098 Thread 0x0000000017147000 26410       3       com.android.tools.r8.ir.conversion.K::a (26 bytes)
Event: 2745.099 Thread 0x0000000017147000 nmethod 26410 0x00000000068b4150 code [0x00000000068b42e0, 0x00000000068b4698]
Event: 2745.099 Thread 0x0000000017147000 26411       3       com.android.tools.r8.ir.conversion.B::<init> (15 bytes)
Event: 2745.099 Thread 0x0000000017147000 nmethod 26411 0x000000000599c490 code [0x000000000599c5e0, 0x000000000599c7b0]
Event: 2745.099 Thread 0x0000000017147000 26412       3       com.android.tools.r8.code.w0::hashCode (38 bytes)
Event: 2745.100 Thread 0x0000000017147000 nmethod 26412 0x0000000005fa2750 code [0x0000000005fa28e0, 0x0000000005fa2c78]

GC Heap History (10 events):
Event: 2658.037 GC heap before
{Heap before GC invocations=32 (full 5):
 PSYoungGen      total 517120K, used 517102K [0x00000000d5580000, 0x00000000fd700000, 0x0000000100000000)
  eden space 483840K, 100% used [0x00000000d5580000,0x00000000f2e00000,0x00000000f2e00000)
  from space 33280K, 99% used [0x00000000fb680000,0x00000000fd6fb8b8,0x00000000fd700000)
  to   space 31744K, 0% used [0x00000000f2e00000,0x00000000f2e00000,0x00000000f4d00000)
 ParOldGen       total 123392K, used 88742K [0x0000000080000000, 0x0000000087880000, 0x00000000d5580000)
  object space 123392K, 71% used [0x0000000080000000,0x00000000856a9a40,0x0000000087880000)
 Metaspace       used 115780K, capacity 121094K, committed 121304K, reserved 1155072K
  class space    used 14718K, capacity 15702K, committed 15872K, reserved 1048576K
Event: 2663.067 GC heap after
Heap after GC invocations=32 (full 5):
 PSYoungGen      total 515584K, used 9082K [0x00000000d5580000, 0x0000000100000000, 0x0000000100000000)
  eden space 483840K, 0% used [0x00000000d5580000,0x00000000d5580000,0x00000000f2e00000)
  from space 31744K, 28% used [0x00000000f2e00000,0x00000000f36de820,0x00000000f4d00000)
  to   space 47616K, 0% used [0x00000000fd180000,0x00000000fd180000,0x0000000100000000)
 ParOldGen       total 123392K, used 116044K [0x0000000080000000, 0x0000000087880000, 0x00000000d5580000)
  object space 123392K, 94% used [0x0000000080000000,0x0000000087153008,0x0000000087880000)
 Metaspace       used 115780K, capacity 121094K, committed 121304K, reserved 1155072K
  class space    used 14718K, capacity 15702K, committed 15872K, reserved 1048576K
}
Event: 2663.070 GC heap before
{Heap before GC invocations=33 (full 6):
 PSYoungGen      total 515584K, used 9082K [0x00000000d5580000, 0x0000000100000000, 0x0000000100000000)
  eden space 483840K, 0% used [0x00000000d5580000,0x00000000d5580000,0x00000000f2e00000)
  from space 31744K, 28% used [0x00000000f2e00000,0x00000000f36de820,0x00000000f4d00000)
  to   space 47616K, 0% used [0x00000000fd180000,0x00000000fd180000,0x0000000100000000)
 ParOldGen       total 123392K, used 116044K [0x0000000080000000, 0x0000000087880000, 0x00000000d5580000)
  object space 123392K, 94% used [0x0000000080000000,0x0000000087153008,0x0000000087880000)
 Metaspace       used 115780K, capacity 121094K, committed 121304K, reserved 1155072K
  class space    used 14718K, capacity 15702K, committed 15872K, reserved 1048576K
Event: 2673.661 GC heap after
Heap after GC invocations=33 (full 6):
 PSYoungGen      total 515584K, used 0K [0x00000000d5580000, 0x0000000100000000, 0x0000000100000000)
  eden space 483840K, 0% used [0x00000000d5580000,0x00000000d5580000,0x00000000f2e00000)
  from space 31744K, 0% used [0x00000000f2e00000,0x00000000f2e00000,0x00000000f4d00000)
  to   space 47616K, 0% used [0x00000000fd180000,0x00000000fd180000,0x0000000100000000)
 ParOldGen       total 123392K, used 107316K [0x0000000080000000, 0x0000000087880000, 0x00000000d5580000)
  object space 123392K, 86% used [0x0000000080000000,0x00000000868cd1d0,0x0000000087880000)
 Metaspace       used 115669K, capacity 120780K, committed 121304K, reserved 1155072K
  class space    used 14680K, capacity 15635K, committed 15872K, reserved 1048576K
}
Event: 2696.471 GC heap before
{Heap before GC invocations=34 (full 7):
 PSYoungGen      total 515584K, used 483840K [0x00000000d5580000, 0x0000000100000000, 0x0000000100000000)
  eden space 483840K, 100% used [0x00000000d5580000,0x00000000f2e00000,0x00000000f2e00000)
  from space 31744K, 0% used [0x00000000f2e00000,0x00000000f2e00000,0x00000000f4d00000)
  to   space 47616K, 0% used [0x00000000fd180000,0x00000000fd180000,0x0000000100000000)
 ParOldGen       total 123392K, used 107316K [0x0000000080000000, 0x0000000087880000, 0x00000000d5580000)
  object space 123392K, 86% used [0x0000000080000000,0x00000000868cd1d0,0x0000000087880000)
 Metaspace       used 115742K, capacity 120860K, committed 121560K, reserved 1155072K
  class space    used 14681K, capacity 15635K, committed 15872K, reserved 1048576K
Event: 2703.099 GC heap after
Heap after GC invocations=34 (full 7):
 PSYoungGen      total 515584K, used 0K [0x00000000d5580000, 0x0000000100000000, 0x0000000100000000)
  eden space 483840K, 0% used [0x00000000d5580000,0x00000000d5580000,0x00000000f2e00000)
  from space 31744K, 0% used [0x00000000f2e00000,0x00000000f2e00000,0x00000000f4d00000)
  to   space 47616K, 0% used [0x00000000fd180000,0x00000000fd180000,0x0000000100000000)
 ParOldGen       total 123392K, used 108468K [0x0000000080000000, 0x0000000087880000, 0x00000000d5580000)
  object space 123392K, 87% used [0x0000000080000000,0x00000000869ed050,0x0000000087880000)
 Metaspace       used 115742K, capacity 120860K, committed 121560K, reserved 1155072K
  class space    used 14681K, capacity 15635K, committed 15872K, reserved 1048576K
}
Event: 2715.509 GC heap before
{Heap before GC invocations=35 (full 8):
 PSYoungGen      total 515584K, used 483840K [0x00000000d5580000, 0x0000000100000000, 0x0000000100000000)
  eden space 483840K, 100% used [0x00000000d5580000,0x00000000f2e00000,0x00000000f2e00000)
  from space 31744K, 0% used [0x00000000f2e00000,0x00000000f2e00000,0x00000000f4d00000)
  to   space 47616K, 0% used [0x00000000fd180000,0x00000000fd180000,0x0000000100000000)
 ParOldGen       total 123392K, used 108468K [0x0000000080000000, 0x0000000087880000, 0x00000000d5580000)
  object space 123392K, 87% used [0x0000000080000000,0x00000000869ed050,0x0000000087880000)
 Metaspace       used 115879K, capacity 120958K, committed 121560K, reserved 1155072K
  class space    used 14688K, capacity 15642K, committed 15872K, reserved 1048576K
Event: 2722.332 GC heap after
Heap after GC invocations=35 (full 8):
 PSYoungGen      total 515584K, used 0K [0x00000000d5580000, 0x0000000100000000, 0x0000000100000000)
  eden space 483840K, 0% used [0x00000000d5580000,0x00000000d5580000,0x00000000f2e00000)
  from space 31744K, 0% used [0x00000000f2e00000,0x00000000f2e00000,0x00000000f4d00000)
  to   space 47616K, 0% used [0x00000000fd180000,0x00000000fd180000,0x0000000100000000)
 ParOldGen       total 123392K, used 106396K [0x0000000080000000, 0x0000000087880000, 0x00000000d5580000)
  object space 123392K, 86% used [0x0000000080000000,0x00000000867e7058,0x0000000087880000)
 Metaspace       used 115879K, capacity 120958K, committed 121560K, reserved 1155072K
  class space    used 14688K, capacity 15642K, committed 15872K, reserved 1048576K
}
Event: 2734.894 GC heap before
{Heap before GC invocations=36 (full 9):
 PSYoungGen      total 515584K, used 483840K [0x00000000d5580000, 0x0000000100000000, 0x0000000100000000)
  eden space 483840K, 100% used [0x00000000d5580000,0x00000000f2e00000,0x00000000f2e00000)
  from space 31744K, 0% used [0x00000000f2e00000,0x00000000f2e00000,0x00000000f4d00000)
  to   space 47616K, 0% used [0x00000000fd180000,0x00000000fd180000,0x0000000100000000)
 ParOldGen       total 123392K, used 106396K [0x0000000080000000, 0x0000000087880000, 0x00000000d5580000)
  object space 123392K, 86% used [0x0000000080000000,0x00000000867e7058,0x0000000087880000)
 Metaspace       used 115941K, capacity 121034K, committed 121560K, reserved 1155072K
  class space    used 14691K, capacity 15642K, committed 15872K, reserved 1048576K
Event: 2741.513 GC heap after
Heap after GC invocations=36 (full 9):
 PSYoungGen      total 515584K, used 0K [0x00000000d5580000, 0x0000000100000000, 0x0000000100000000)
  eden space 483840K, 0% used [0x00000000d5580000,0x00000000d5580000,0x00000000f2e00000)
  from space 31744K, 0% used [0x00000000f2e00000,0x00000000f2e00000,0x00000000f4d00000)
  to   space 47616K, 0% used [0x00000000fd180000,0x00000000fd180000,0x0000000100000000)
 ParOldGen       total 208896K, used 95065K [0x0000000080000000, 0x000000008cc00000, 0x00000000d5580000)
  object space 208896K, 45% used [0x0000000080000000,0x0000000085cd6628,0x000000008cc00000)
 Metaspace       used 115941K, capacity 121034K, committed 121560K, reserved 1155072K
  class space    used 14691K, capacity 15642K, committed 15872K, reserved 1048576K
}

Deoptimization events (10 events):
Event: 2741.902 Thread 0x000000001e8a0000 Uncommon trap: reason=array_check action=maybe_recompile pc=0x00000000049886ac method=java.util.TimSort.mergeLo(IIII)V @ 81
Event: 2742.582 Thread 0x000000001e8a0800 Uncommon trap: reason=unstable_if action=reinterpret pc=0x00000000061d0518 method=com.android.tools.r8.ir.regalloc.b.a(IZ)Z @ 30
Event: 2743.834 Thread 0x000000001e8a0800 Uncommon trap: reason=unstable_if action=reinterpret pc=0x0000000006799bf4 method=com.android.tools.r8.ir.conversion.N.a(ILcom/android/tools/r8/s/b/t1;Lcom/android/tools/r8/s/b/o;Lcom/android/tools/r8/s/b/o$c;Lcom/android/tools/r8/s/b/U0$a;)Lcom/android/t
Event: 2743.836 Thread 0x000000001e8a0800 Uncommon trap: reason=unstable_if action=reinterpret pc=0x0000000006662cd0 method=com.android.tools.r8.ir.conversion.N.b(ILcom/android/tools/r8/graph/s;)V @ 41
Event: 2743.841 Thread 0x000000001e8a0800 Uncommon trap: reason=unstable_if action=reinterpret pc=0x0000000006013518 method=com.android.tools.r8.ir.conversion.N.b(ILcom/android/tools/r8/graph/s;)V @ 41
Event: 2743.870 Thread 0x000000001e8a0800 Uncommon trap: reason=unstable_if action=reinterpret pc=0x0000000007051c54 method=com.android.tools.r8.ir.conversion.N.a(Lcom/android/tools/r8/graph/n1;)Lcom/android/tools/r8/s/b/X; @ 1786
Event: 2743.956 Thread 0x000000001e8a0800 Uncommon trap: reason=unstable_if action=reinterpret pc=0x0000000004178194 method=com.android.tools.r8.s.a.h.e.b(Lcom/android/tools/r8/s/b/k0;)V @ 11
Event: 2743.977 Thread 0x000000001e8a0800 Uncommon trap: reason=class_check action=maybe_recompile pc=0x0000000006f4ab88 method=com.android.tools.r8.ir.optimize.m.a(Ljava/lang/Object;)I @ 87
Event: 2743.995 Thread 0x000000001e8a0800 Uncommon trap: reason=bimorphic action=maybe_recompile pc=0x0000000006c2ff04 method=com.android.tools.r8.ir.optimize.l.a(Lcom/android/tools/r8/s/b/X;Lcom/android/tools/r8/s/b/o;Ljava/util/function/Supplier;Ljava/util/Map;Ljava/util/function/Predicate;)V @
Event: 2744.053 Thread 0x000000001e8a0800 Uncommon trap: reason=unstable_if action=reinterpret pc=0x0000000007172e24 method=com.android.tools.r8.ir.optimize.j0.b()V @ 260

Classes redefined (0 events):
No events

Internal exceptions (10 events):
Event: 2732.252 Thread 0x000000001e8a0800 Implicit null exception at 0x0000000005de5a0f to 0x0000000005de5b7d
Event: 2734.004 Thread 0x000000001e8a0800 Exception <a 'sun/nio/fs/WindowsException'> (0x00000000f100fef8) thrown at [C:\src\AOSP-openjdk-git\hotspot\src\share\vm\prims\jni.cpp, line 710]
Event: 2741.639 Thread 0x000000001e8a0800 Exception <a 'sun/nio/fs/WindowsException'> (0x00000000d5676818) thrown at [C:\src\AOSP-openjdk-git\hotspot\src\share\vm\prims\jni.cpp, line 710]
Event: 2742.051 Thread 0x000000001e8a0000 Exception <a 'sun/nio/fs/WindowsException'> (0x00000000d74ceec0) thrown at [C:\src\AOSP-openjdk-git\hotspot\src\share\vm\prims\jni.cpp, line 710]
Event: 2742.746 Thread 0x000000001e8a9000 Exception <a 'sun/nio/fs/WindowsException'> (0x00000000d9b06828) thrown at [C:\src\AOSP-openjdk-git\hotspot\src\share\vm\prims\jni.cpp, line 710]
Event: 2742.868 Thread 0x000000001e8a0800 Exception <a 'sun/nio/fs/WindowsException'> (0x00000000d95b4160) thrown at [C:\src\AOSP-openjdk-git\hotspot\src\share\vm\prims\jni.cpp, line 710]
Event: 2743.072 Thread 0x000000001e8a0000 Exception <a 'sun/nio/fs/WindowsException'> (0x00000000da268d08) thrown at [C:\src\AOSP-openjdk-git\hotspot\src\share\vm\prims\jni.cpp, line 710]
Event: 2743.172 Thread 0x000000001e8a9000 Exception <a 'sun/nio/fs/WindowsException'> (0x00000000dbd103d8) thrown at [C:\src\AOSP-openjdk-git\hotspot\src\share\vm\prims\jni.cpp, line 710]
Event: 2743.190 Thread 0x000000001e8a0800 Exception <a 'sun/nio/fs/WindowsException'> (0x00000000dbae2a78) thrown at [C:\src\AOSP-openjdk-git\hotspot\src\share\vm\prims\jni.cpp, line 710]
Event: 2743.836 Thread 0x000000001e8a0800 Implicit null exception at 0x0000000006662870 to 0x0000000006662c91

Events (10 events):
Event: 2744.712 Thread 0x000000001e8a0000 DEOPT PACKING pc=0x000000000692862d sp=0x0000000021b9ab10
Event: 2744.712 Thread 0x000000001e8a0000 DEOPT UNPACKING pc=0x00000000025575d0 sp=0x0000000021b9ac50 mode 0
Event: 2744.761 Thread 0x000000001e8a0800 DEOPT PACKING pc=0x000000000692862d sp=0x000000002249a9a0
Event: 2744.761 Thread 0x000000001e8a0800 DEOPT UNPACKING pc=0x00000000025575d0 sp=0x000000002249aae0 mode 0
Event: 2744.880 Thread 0x000000001e8a7800 DEOPT PACKING pc=0x0000000006928add sp=0x000000002239a970
Event: 2744.880 Thread 0x000000001e8a7800 DEOPT UNPACKING pc=0x00000000025575d0 sp=0x000000002239aac0 mode 0
Event: 2744.940 Thread 0x000000001e8a0800 DEOPT PACKING pc=0x0000000006928ced sp=0x000000002249a970
Event: 2744.940 Thread 0x000000001e8a0800 DEOPT UNPACKING pc=0x00000000025575d0 sp=0x000000002249aab8 mode 0
Event: 2745.090 Thread 0x000000001e8a0800 DEOPT PACKING pc=0x00000000069284b3 sp=0x000000002249a9a0
Event: 2745.090 Thread 0x000000001e8a0800 DEOPT UNPACKING pc=0x00000000025575d0 sp=0x000000002249aae0 mode 0


Dynamic libraries:
0x00007ff773a80000 - 0x00007ff773ab1000 	C:\Program Files\Android\Android Studio\jre\bin\java.exe
0x00007ffff3c10000 - 0x00007ffff3e05000 	C:\Windows\SYSTEM32\ntdll.dll
0x00007ffff1c70000 - 0x00007ffff1d2d000 	C:\Windows\System32\KERNEL32.DLL
0x00007ffff1940000 - 0x00007ffff1c09000 	C:\Windows\System32\KERNELBASE.dll
0x00007ffff3b20000 - 0x00007ffff3bcc000 	C:\Windows\System32\ADVAPI32.dll
0x00007ffff31b0000 - 0x00007ffff324e000 	C:\Windows\System32\msvcrt.dll
0x00007ffff2410000 - 0x00007ffff24ac000 	C:\Windows\System32\sechost.dll
0x00007ffff1e20000 - 0x00007ffff1f4b000 	C:\Windows\System32\RPCRT4.dll
0x00007ffff3910000 - 0x00007ffff3ab0000 	C:\Windows\System32\USER32.dll
0x00007ffff14e0000 - 0x00007ffff1502000 	C:\Windows\System32\win32u.dll
0x00007ffff2540000 - 0x00007ffff256a000 	C:\Windows\System32\GDI32.dll
0x00007ffff13d0000 - 0x00007ffff14db000 	C:\Windows\System32\gdi32full.dll
0x00007ffff1820000 - 0x00007ffff18bd000 	C:\Windows\System32\msvcp_win.dll
0x00007ffff1510000 - 0x00007ffff1610000 	C:\Windows\System32\ucrtbase.dll
0x00007fffd8fb0000 - 0x00007fffd924a000 	C:\Windows\WinSxS\amd64_microsoft.windows.common-controls_6595b64144ccf1df_6.0.19041.844_none_ca00b6081b84eb1d\COMCTL32.dll
0x00007ffff2510000 - 0x00007ffff2540000 	C:\Windows\System32\IMM32.DLL
0x000000006ac50000 - 0x000000006ad22000 	C:\Program Files\Android\Android Studio\jre\jre\bin\msvcr100.dll
0x00000000681f0000 - 0x0000000068a3b000 	C:\Program Files\Android\Android Studio\jre\jre\bin\server\jvm.dll
0x00007ffff3190000 - 0x00007ffff3198000 	C:\Windows\System32\PSAPI.DLL
0x00007fffeb880000 - 0x00007fffeb889000 	C:\Windows\SYSTEM32\WSOCK32.dll
0x00007fffe6c50000 - 0x00007fffe6c77000 	C:\Windows\SYSTEM32\WINMM.dll
0x00007fffea1d0000 - 0x00007fffea1da000 	C:\Windows\SYSTEM32\VERSION.dll
0x00007ffff3ab0000 - 0x00007ffff3b1b000 	C:\Windows\System32\WS2_32.dll
0x00007fffeb840000 - 0x00007fffeb84f000 	C:\Program Files\Android\Android Studio\jre\jre\bin\verify.dll
0x00007fffeb760000 - 0x00007fffeb789000 	C:\Program Files\Android\Android Studio\jre\jre\bin\java.dll
0x00007fffeb740000 - 0x00007fffeb756000 	C:\Program Files\Android\Android Studio\jre\jre\bin\zip.dll
0x00007ffff2570000 - 0x00007ffff2cb2000 	C:\Windows\System32\SHELL32.dll
0x00007fffef4b0000 - 0x00007fffefc40000 	C:\Windows\SYSTEM32\windows.storage.dll
0x00007ffff3460000 - 0x00007ffff37b5000 	C:\Windows\System32\combase.dll
0x00007ffff0dc0000 - 0x00007ffff0dec000 	C:\Windows\SYSTEM32\Wldp.dll
0x00007ffff32e0000 - 0x00007ffff338e000 	C:\Windows\System32\SHCORE.dll
0x00007ffff23b0000 - 0x00007ffff2405000 	C:\Windows\System32\shlwapi.dll
0x00007ffff1290000 - 0x00007ffff12af000 	C:\Windows\SYSTEM32\profapi.dll
0x00007fffea350000 - 0x00007fffea36a000 	C:\Program Files\Android\Android Studio\jre\jre\bin\net.dll
0x00007ffff0b40000 - 0x00007ffff0baa000 	C:\Windows\system32\mswsock.dll
0x00007fffe6910000 - 0x00007fffe6923000 	C:\Program Files\Android\Android Studio\jre\jre\bin\nio.dll
0x00007fffd6eb0000 - 0x00007fffd6ed7000 	C:\Users\62823\.gradle\native\f6784746aeab05261644944871eae4fe03e0ef1612fff0a4a95f87b438bc6780\windows-amd64\native-platform.dll
0x00007fffeb820000 - 0x00007fffeb82d000 	C:\Program Files\Android\Android Studio\jre\jre\bin\management.dll
0x00007ffff0d10000 - 0x00007ffff0d28000 	C:\Windows\SYSTEM32\CRYPTSP.dll
0x00007ffff0470000 - 0x00007ffff04a4000 	C:\Windows\system32\rsaenh.dll
0x00007ffff13a0000 - 0x00007ffff13c7000 	C:\Windows\System32\bcrypt.dll
0x00007ffff1210000 - 0x00007ffff123e000 	C:\Windows\SYSTEM32\USERENV.dll
0x00007ffff18c0000 - 0x00007ffff1940000 	C:\Windows\System32\bcryptprimitives.dll
0x00007ffff0d30000 - 0x00007ffff0d3c000 	C:\Windows\SYSTEM32\CRYPTBASE.dll
0x00007ffff07e0000 - 0x00007ffff081b000 	C:\Windows\SYSTEM32\IPHLPAPI.DLL
0x00007ffff1e10000 - 0x00007ffff1e18000 	C:\Windows\System32\NSI.dll
0x00007fffea630000 - 0x00007fffea647000 	C:\Windows\SYSTEM32\dhcpcsvc6.DLL
0x00007fffecc00000 - 0x00007fffecc1d000 	C:\Windows\SYSTEM32\dhcpcsvc.DLL
0x00007ffff0830000 - 0x00007ffff08fb000 	C:\Windows\SYSTEM32\DNSAPI.dll
0x00007fffeb170000 - 0x00007fffeb17b000 	C:\Windows\SYSTEM32\WINNSI.DLL
0x00007fffd8400000 - 0x00007fffd8424000 	C:\Program Files\Android\Android Studio\jre\jre\bin\sunec.dll
0x00007fffe5e80000 - 0x00007fffe5e8a000 	C:\Windows\System32\rasadhlp.dll
0x00007fffe7390000 - 0x00007fffe740f000 	C:\Windows\System32\fwpuclnt.dll
0x00007fffeb1f0000 - 0x00007fffeb1fb000 	C:\Program Files\Android\Android Studio\jre\jre\bin\sunmscapi.dll
0x00007ffff16c0000 - 0x00007ffff181f000 	C:\Windows\System32\CRYPT32.dll
0x00007ffff00a0000 - 0x00007ffff00d3000 	C:\Windows\SYSTEM32\ntmarta.dll
0x00007fffa0c40000 - 0x00007fffa0ddc000 	C:\Program Files\Android\Android Studio\jre\jre\bin\awt.dll
0x00007ffff3390000 - 0x00007ffff345d000 	C:\Windows\System32\OLEAUT32.dll
0x00007fffeecd0000 - 0x00007fffeecff000 	C:\Windows\SYSTEM32\dwmapi.dll
0x00007fffed650000 - 0x00007fffedc10000 	C:\Windows\SYSTEM32\d2d1.dll
0x00007fffee910000 - 0x00007fffee9a0000 	C:\Windows\SYSTEM32\apphelp.dll
0x00007fffeea40000 - 0x00007fffeeade000 	C:\Windows\system32\uxtheme.dll

VM Arguments:
jvm_args: -Xmx2048m -Dfile.encoding=UTF-8 -Duser.country=ID -Duser.language=en -Duser.variant 
java_command: org.gradle.launcher.daemon.bootstrap.GradleDaemon 6.5
java_class_path (initial): C:\Users\62823\.gradle\wrapper\dists\gradle-6.5-bin\6nifqtx7604sqp1q6g8wikw7p\gradle-6.5\lib\gradle-launcher-6.5.jar
Launcher Type: SUN_STANDARD

Environment Variables:
PATH=C:\Program Files (x86)\Common Files\Oracle\Java\javapath;C:\Windows\system32;C:\Windows;C:\Windows\System32\Wbem;C:\Windows\System32\WindowsPowerShell\v1.0\;C:\Windows\System32\OpenSSH\;C:\Program Files (x86)\NVIDIA Corporation\PhysX\Common;C:\Program Files\NVIDIA Corporation\NVIDIA NvDLISR;C:\Program Files\dotnet\;C:\Program Files\Microsoft SQL Server\Client SDK\ODBC\170\Tools\Binn\;C:\Program Files (x86)\Microsoft SQL Server\150\Tools\Binn\;C:\Program Files\Microsoft SQL Server\150\Tools\Binn\;C:\Program Files\Microsoft SQL Server\150\DTS\Binn\;C:\Program Files\Azure Data Studio\bin;C:\Program Files (x86)\Microsoft SQL Server\150\DTS\Binn\;C:\Program Files\Git\cmd;C:\Users\62823\AppData\Local\Microsoft\WindowsApps;C:\Users\62823\.dotnet\tools;C:\Program Files\Azure Data Studio\bin;C:\Users\62823\AppData\Local\Programs\Microsoft VS Code\bin
USERNAME=Aditya
OS=Windows_NT
PROCESSOR_IDENTIFIER=Intel64 Family 6 Model 61 Stepping 4, GenuineIntel



---------------  S Y S T E M  ---------------

OS: Windows 10.0 , 64 bit Build 19041 (10.0.19041.804)

CPU:total 4 (initial active 4) (2 cores per cpu, 2 threads per core) family 6 model 61 stepping 4, cmov, cx8, fxsr, mmx, sse, sse2, sse3, ssse3, sse4.1, sse4.2, popcnt, avx, avx2, aes, clmul, erms, 3dnowpref, lzcnt, ht, tsc, tscinvbit, bmi1, bmi2, adx

Memory: 4k page, physical 4091300k(245300k free), swap 16674212k(7520k free)

vm_info: OpenJDK 64-Bit Server VM (25.242-b01) for windows-amd64 JRE (1.8.0_242-release-1644-b01), built by "builder" with MS VC++ 10.0 (VS2010)

time: Sat Mar 06 14:28:42 2021
timezone: SE Asia Standard Time
elapsed time: 2745 seconds (0d 0h 45m 45s)

